--------------------------------------------------------------------------------
Lattice Synthesis Timing Report, Version  
Fri Mar 12 11:17:55 2021

Copyright (c) 1991-1994 by NeoCAD Inc. All rights reserved.
Copyright (c) 1995 AT&T Corp.   All rights reserved.
Copyright (c) 1995-2001 Lucent Technologies Inc.  All rights reserved.
Copyright (c) 2001 Agere Systems   All rights reserved.
Copyright (c) 2002-2019 Lattice Semiconductor Corporation,  All rights reserved.

Report Information
------------------
Design:     slfifo_fifo
Constraint file: slfifo_fifo_temp_lse.sdc 
Report level:    verbose report, limited to 3 items per constraint
--------------------------------------------------------------------------------



================================================================================
Constraint: create_clock -period 5.000000 -name clk501 [get_nets RdClock]
            748 items scored, 493 timing errors detected.
--------------------------------------------------------------------------------


Error:  The following path violates requirements by 3.382ns

 Logical Details:  Cell type  Pin type       Cell name  (clock net +/-)

   Source:         FD1S3DX    CK             FF_78  (from RdClock +)
   Destination:    FD1S3BX    D              FF_21  (to RdClock -)

   Delay:                   8.592ns  (24.7% logic, 75.3% route), 11 logic levels.

 Constraint Details:

      8.592ns data_path FF_78 to FF_21 violates
      5.000ns delay constraint less
     -0.210ns L_S requirement (totaling 5.210ns) by 3.382ns

 Path Details: FF_78 to FF_21

   Name    Fanout   Delay (ns)          Pins               Resource(Cell.Net)
L_CO        ---     0.438             CK to Q              FF_78 (from RdClock)
Route        10   e 1.580                                  w_gcount_r29
LUT4        ---     0.199          AD[4] to DO0            LUT4_35
Route         8   e 1.435                                  w_g2b_xor_cluster_0
LUT4        ---     0.199          AD[4] to DO0            LUT4_26
Route         4   e 1.297                                  wcount_r0
A1_TO_FCO   ---     0.394           B[2] to COUT           ae_clr_cmp_0
Route         1   e 0.020                                  co0_9
FCI_TO_FCO  ---     0.061            CIN to COUT           ae_clr_cmp_1
Route         1   e 0.020                                  co1_9
FCI_TO_FCO  ---     0.061            CIN to COUT           ae_clr_cmp_2
Route         1   e 0.020                                  co2_9
FCI_TO_FCO  ---     0.061            CIN to COUT           ae_clr_cmp_3
Route         1   e 0.020                                  co3_9
FCI_TO_FCO  ---     0.061            CIN to COUT           ae_clr_cmp_4
Route         1   e 0.020                                  co4_8
FCI_TO_FCO  ---     0.061            CIN to COUT           ae_clr_cmp_5
Route         1   e 0.020                                  ae_clr_d_c
FCI_TO_F    ---     0.386            CIN to S[2]           a3
Route         1   e 1.020                                  ae_clr_d
LUT4        ---     0.199          AD[4] to DO0            LUT4_5
Route         1   e 1.020                                  ae_d
                  --------
                    8.592  (24.7% logic, 75.3% route), 11 logic levels.


Error:  The following path violates requirements by 3.382ns

 Logical Details:  Cell type  Pin type       Cell name  (clock net +/-)

   Source:         FD1S3DX    CK             FF_78  (from RdClock +)
   Destination:    FD1S3BX    D              FF_21  (to RdClock -)

   Delay:                   8.592ns  (24.7% logic, 75.3% route), 11 logic levels.

 Constraint Details:

      8.592ns data_path FF_78 to FF_21 violates
      5.000ns delay constraint less
     -0.210ns L_S requirement (totaling 5.210ns) by 3.382ns

 Path Details: FF_78 to FF_21

   Name    Fanout   Delay (ns)          Pins               Resource(Cell.Net)
L_CO        ---     0.438             CK to Q              FF_78 (from RdClock)
Route        10   e 1.580                                  w_gcount_r29
LUT4        ---     0.199          AD[4] to DO0            LUT4_35
Route         8   e 1.435                                  w_g2b_xor_cluster_0
LUT4        ---     0.199          AD[4] to DO0            LUT4_26
Route         4   e 1.297                                  wcount_r0
A1_TO_FCO   ---     0.394           B[2] to COUT           ae_set_cmp_0
Route         1   e 0.020                                  co0_7
FCI_TO_FCO  ---     0.061            CIN to COUT           ae_set_cmp_1
Route         1   e 0.020                                  co1_7
FCI_TO_FCO  ---     0.061            CIN to COUT           ae_set_cmp_2
Route         1   e 0.020                                  co2_7
FCI_TO_FCO  ---     0.061            CIN to COUT           ae_set_cmp_3
Route         1   e 0.020                                  co3_7
FCI_TO_FCO  ---     0.061            CIN to COUT           ae_set_cmp_4
Route         1   e 0.020                                  co4_6
FCI_TO_FCO  ---     0.061            CIN to COUT           ae_set_cmp_5
Route         1   e 0.020                                  ae_set_d_c
FCI_TO_F    ---     0.386            CIN to S[2]           a2
Route         1   e 1.020                                  ae_set_d
LUT4        ---     0.199          AD[4] to DO0            LUT4_5
Route         1   e 1.020                                  ae_d
                  --------
                    8.592  (24.7% logic, 75.3% route), 11 logic levels.


Error:  The following path violates requirements by 3.301ns

 Logical Details:  Cell type  Pin type       Cell name  (clock net +/-)

   Source:         FD1S3DX    CK             FF_78  (from RdClock +)
   Destination:    FD1S3BX    D              FF_21  (to RdClock -)

   Delay:                   8.511ns  (24.2% logic, 75.8% route), 10 logic levels.

 Constraint Details:

      8.511ns data_path FF_78 to FF_21 violates
      5.000ns delay constraint less
     -0.210ns L_S requirement (totaling 5.210ns) by 3.301ns

 Path Details: FF_78 to FF_21

   Name    Fanout   Delay (ns)          Pins               Resource(Cell.Net)
L_CO        ---     0.438             CK to Q              FF_78 (from RdClock)
Route        10   e 1.580                                  w_gcount_r29
LUT4        ---     0.199          AD[4] to DO0            LUT4_35
Route         8   e 1.435                                  w_g2b_xor_cluster_0
LUT4        ---     0.199          AD[4] to DO0            LUT4_28
Route         4   e 1.297                                  wcount_r2
A1_TO_FCO   ---     0.394           B[2] to COUT           ae_set_cmp_1
Route         1   e 0.020                                  co1_7
FCI_TO_FCO  ---     0.061            CIN to COUT           ae_set_cmp_2
Route         1   e 0.020                                  co2_7
FCI_TO_FCO  ---     0.061            CIN to COUT           ae_set_cmp_3
Route         1   e 0.020                                  co3_7
FCI_TO_FCO  ---     0.061            CIN to COUT           ae_set_cmp_4
Route         1   e 0.020                                  co4_6
FCI_TO_FCO  ---     0.061            CIN to COUT           ae_set_cmp_5
Route         1   e 0.020                                  ae_set_d_c
FCI_TO_F    ---     0.386            CIN to S[2]           a2
Route         1   e 1.020                                  ae_set_d
LUT4        ---     0.199          AD[4] to DO0            LUT4_5
Route         1   e 1.020                                  ae_d
                  --------
                    8.511  (24.2% logic, 75.8% route), 10 logic levels.

Warning: 8.382 ns is the maximum delay for this constraint.



================================================================================
Constraint: create_clock -period 5.000000 -name clk500 [get_nets WrClock]
            803 items scored, 493 timing errors detected.
--------------------------------------------------------------------------------


Error:  The following path violates requirements by 3.301ns

 Logical Details:  Cell type  Pin type       Cell name  (clock net +/-)

   Source:         FD1S3DX    CK             FF_67  (from WrClock +)
   Destination:    FD1S3DX    D              FF_0  (to WrClock -)

   Delay:                   8.511ns  (24.2% logic, 75.8% route), 10 logic levels.

 Constraint Details:

      8.511ns data_path FF_67 to FF_0 violates
      5.000ns delay constraint less
     -0.210ns L_S requirement (totaling 5.210ns) by 3.301ns

 Path Details: FF_67 to FF_0

   Name    Fanout   Delay (ns)          Pins               Resource(Cell.Net)
L_CO        ---     0.438             CK to Q              FF_67 (from WrClock)
Route        10   e 1.580                                  r_gcount_w210
LUT4        ---     0.199          AD[4] to DO0            LUT4_25
Route         8   e 1.435                                  r_g2b_xor_cluster_0
LUT4        ---     0.199          AD[4] to DO0            LUT4_17
Route         4   e 1.297                                  rcount_w2
A1_TO_FCO   ---     0.394           B[2] to COUT           af_clr_cmp_0
Route         1   e 0.020                                  co0_13
FCI_TO_FCO  ---     0.061            CIN to COUT           af_clr_cmp_1
Route         1   e 0.020                                  co1_13
FCI_TO_FCO  ---     0.061            CIN to COUT           af_clr_cmp_2
Route         1   e 0.020                                  co2_13
FCI_TO_FCO  ---     0.061            CIN to COUT           af_clr_cmp_3
Route         1   e 0.020                                  co3_13
FCI_TO_FCO  ---     0.061            CIN to COUT           af_clr_cmp_4
Route         1   e 0.020                                  af_clr_c
FCI_TO_F    ---     0.386            CIN to S[2]           a5
Route         1   e 1.020                                  af_clr
LUT4        ---     0.199          AD[4] to DO0            LUT4_0
Route         1   e 1.020                                  af_d
                  --------
                    8.511  (24.2% logic, 75.8% route), 10 logic levels.


Error:  The following path violates requirements by 3.301ns

 Logical Details:  Cell type  Pin type       Cell name  (clock net +/-)

   Source:         FD1S3DX    CK             FF_67  (from WrClock +)
   Destination:    FD1S3DX    D              FF_0  (to WrClock -)

   Delay:                   8.511ns  (24.2% logic, 75.8% route), 10 logic levels.

 Constraint Details:

      8.511ns data_path FF_67 to FF_0 violates
      5.000ns delay constraint less
     -0.210ns L_S requirement (totaling 5.210ns) by 3.301ns

 Path Details: FF_67 to FF_0

   Name    Fanout   Delay (ns)          Pins               Resource(Cell.Net)
L_CO        ---     0.438             CK to Q              FF_67 (from WrClock)
Route        10   e 1.580                                  r_gcount_w210
LUT4        ---     0.199          AD[4] to DO0            LUT4_25
Route         8   e 1.435                                  r_g2b_xor_cluster_0
LUT4        ---     0.199          AD[4] to DO0            LUT4_16
Route         4   e 1.297                                  rcount_w1
A1_TO_FCO   ---     0.394           B[2] to COUT           af_set_cmp_0
Route         1   e 0.020                                  co0_11
FCI_TO_FCO  ---     0.061            CIN to COUT           af_set_cmp_1
Route         1   e 0.020                                  co1_11
FCI_TO_FCO  ---     0.061            CIN to COUT           af_set_cmp_2
Route         1   e 0.020                                  co2_11
FCI_TO_FCO  ---     0.061            CIN to COUT           af_set_cmp_3
Route         1   e 0.020                                  co3_11
FCI_TO_FCO  ---     0.061            CIN to COUT           af_set_cmp_4
Route         1   e 0.020                                  af_set_c
FCI_TO_F    ---     0.386            CIN to S[2]           a4
Route         1   e 1.020                                  af_set
LUT4        ---     0.199          AD[4] to DO0            LUT4_0
Route         1   e 1.020                                  af_d
                  --------
                    8.511  (24.2% logic, 75.8% route), 10 logic levels.


Error:  The following path violates requirements by 3.301ns

 Logical Details:  Cell type  Pin type       Cell name  (clock net +/-)

   Source:         FD1S3DX    CK             FF_67  (from WrClock +)
   Destination:    FD1S3DX    D              FF_0  (to WrClock -)

   Delay:                   8.511ns  (24.2% logic, 75.8% route), 10 logic levels.

 Constraint Details:

      8.511ns data_path FF_67 to FF_0 violates
      5.000ns delay constraint less
     -0.210ns L_S requirement (totaling 5.210ns) by 3.301ns

 Path Details: FF_67 to FF_0

   Name    Fanout   Delay (ns)          Pins               Resource(Cell.Net)
L_CO        ---     0.438             CK to Q              FF_67 (from WrClock)
Route        10   e 1.580                                  r_gcount_w210
LUT4        ---     0.199          AD[4] to DO0            LUT4_25
Route         8   e 1.435                                  r_g2b_xor_cluster_0
LUT4        ---     0.199          AD[4] to DO0            LUT4_17
Route         4   e 1.297                                  rcount_w2
A1_TO_FCO   ---     0.394           B[2] to COUT           af_set_cmp_0
Route         1   e 0.020                                  co0_11
FCI_TO_FCO  ---     0.061            CIN to COUT           af_set_cmp_1
Route         1   e 0.020                                  co1_11
FCI_TO_FCO  ---     0.061            CIN to COUT           af_set_cmp_2
Route         1   e 0.020                                  co2_11
FCI_TO_FCO  ---     0.061            CIN to COUT           af_set_cmp_3
Route         1   e 0.020                                  co3_11
FCI_TO_FCO  ---     0.061            CIN to COUT           af_set_cmp_4
Route         1   e 0.020                                  af_set_c
FCI_TO_F    ---     0.386            CIN to S[2]           a4
Route         1   e 1.020                                  af_set
LUT4        ---     0.199          AD[4] to DO0            LUT4_0
Route         1   e 1.020                                  af_d
                  --------
                    8.511  (24.2% logic, 75.8% route), 10 logic levels.

Warning: 8.301 ns is the maximum delay for this constraint.


Timing Report Summary
--------------
--------------------------------------------------------------------------------
Constraint                              |   Constraint|       Actual|Levels
--------------------------------------------------------------------------------
                                        |             |             |
create_clock -period 5.000000 -name     |             |             |
clk501 [get_nets RdClock]               |     5.000 ns|     8.382 ns|    11 *
                                        |             |             |
create_clock -period 5.000000 -name     |             |             |
clk500 [get_nets WrClock]               |     5.000 ns|     8.301 ns|    10 *
                                        |             |             |
--------------------------------------------------------------------------------


2 constraints not met.

--------------------------------------------------------------------------------
Critical Nets                           |   Loads|  Errors| % of total
--------------------------------------------------------------------------------
r_g2b_xor_cluster_0                     |       8|     212|     21.50%
                                        |        |        |
w_g2b_xor_cluster_0                     |       8|     212|     21.50%
                                        |        |        |
co2_3                                   |       1|     178|     18.05%
                                        |        |        |
co1_2                                   |       1|     172|     17.44%
                                        |        |        |
co2_2                                   |       1|     168|     17.04%
                                        |        |        |
r_g2b_xor_cluster_1                     |       3|     148|     15.01%
                                        |        |        |
w_g2b_xor_cluster_1                     |       3|     148|     15.01%
                                        |        |        |
co3_3                                   |       1|     146|     14.81%
                                        |        |        |
co1_3                                   |       1|     132|     13.39%
                                        |        |        |
ae_d                                    |       1|     128|     12.98%
                                        |        |        |
af_d                                    |       1|     128|     12.98%
                                        |        |        |
co3_2                                   |       1|     125|     12.68%
                                        |        |        |
rcount_w1                               |       4|     112|     11.36%
                                        |        |        |
wcount_r0                               |       4|     111|     11.26%
                                        |        |        |
wcount_r1                               |       4|     109|     11.05%
                                        |        |        |
rcount_w2                               |       4|     100|     10.14%
                                        |        |        |
--------------------------------------------------------------------------------


Timing summary:
---------------

Timing errors: 986  Score: 1477523

Constraints cover  2000 paths, 354 nets, and 941 connections (88.9% coverage)


Peak memory: 90705920 bytes, TRCE: 3391488 bytes, DLYMAN: 0 bytes
CPU_TIME_REPORT: 0 secs 
