SCUBA, Version Diamond (64-bit) 3.11.2.446
Fri Mar 12 11:17:34 2021
  
Copyright (c) 1991-1994 by NeoCAD Inc. All rights reserved.
Copyright (c) 1995 AT&T Corp.   All rights reserved.
Copyright (c) 1995-2001 Lucent Technologies Inc.  All rights reserved.
Copyright (c) 2001 Agere Systems   All rights reserved.
Copyright (c) 2002-2019 Lattice Semiconductor Corporation,  All rights reserved.
  
BEGIN SCUBA Module Synthesis
  
    Issued command   : C:\lscc\diamond\3.11_x64\ispfpga\bin\nt64\scuba.exe -w -n hdmi_uv_fifo -lang verilog -synth lse -bus_exp 7 -bb -arch sa5p00 -type ebfifo -depth 2048 -width 16 -rwidth 64 -regout -no_enable -sync_reset -pe 16 -pe2 18 -pf -1 -rfill 
    Circuit name     : hdmi_uv_fifo
    Module type      : ebfifo
    Module Version   : 5.8
    Ports            : 
    Inputs       : Data[15:0], WrClock, RdClock, WrEn, RdEn, Reset, RPReset
    Outputs      : Q[63:0], RCNT[9:0], Empty, Full, AlmostEmpty
    I/O buffer       : not inserted
    EDIF output      : hdmi_uv_fifo.edn
    Verilog output   : hdmi_uv_fifo.v
    Verilog template : hdmi_uv_fifo_tmpl.v
    Verilog testbench: tb_hdmi_uv_fifo_tmpl.v
    Verilog purpose  : for synthesis and simulation
    Bus notation     : big endian
    Report output    : hdmi_uv_fifo.srp
    Estimated Resource Usage:
            LUT : 179
            EBR : 2
            Reg : 143
  
END   SCUBA Module Synthesis

